<?xml version="1.0" encoding="UTF-8"?>
<!-- Generated by org.testng.reporters.JUnitReportReporter -->
<testsuite hostname="DESKTOP-HVC05KL" failures="0" tests="1" name="com.loginpage.PimConfigration" time="18.487" errors="0" timestamp="2025-03-07T13:07:45 IST" skipped="0">
  <testcase classname="com.loginpage.PimConfigration" name="verifyDataImportAddSuccessfully" time="18.487"/>
  <system-out/>
</testsuite> <!-- com.loginpage.PimConfigration -->
