<?xml version="1.0" encoding="UTF-8"?>
<!-- Generated by org.testng.reporters.JUnitReportReporter -->
<testsuite hostname="DESKTOP-HVC05KL" failures="0" tests="1" name="com.loginpage.TestCases" time="8.953" errors="0" timestamp="2025-02-18T13:44:21 IST" skipped="0">
  <testcase classname="com.loginpage.TestCases" name="verifyUserEnterTheValidCredential" time="8.953"/>
  <system-out/>
</testsuite> <!-- com.loginpage.TestCases -->
