<?xml version="1.0" encoding="UTF-8"?>
<!-- Generated by org.testng.reporters.JUnitReportReporter -->
<testsuite hostname="DESKTOP-HVC05KL" failures="0" tests="1" name="com.loginpage.AddUser" time="44.150" errors="0" timestamp="2025-04-18T12:11:05 IST" skipped="0">
  <testcase classname="com.loginpage.AddUser" name="verifyIfNameOfAlreadyCreateduserPopulatesInList" time="44.150"/>
  <system-out/>
</testsuite> <!-- com.loginpage.AddUser -->
