<?xml version="1.0" encoding="UTF-8"?>
<!-- Generated by org.testng.reporters.JUnitReportReporter -->
<testsuite hostname="DESKTOP-HVC05KL" failures="0" tests="1" name="com.loginpage.SearchtheUser" time="14.721" errors="0" timestamp="2025-03-04T14:11:08 IST" skipped="0">
  <testcase classname="com.loginpage.SearchtheUser" name="verifySearchTheUser" time="14.721"/>
  <system-out/>
</testsuite> <!-- com.loginpage.SearchtheUser -->
